Terminals unused in grammar

   USING
   ASC
   INNER
   OUTER
   LEFT
   RIGHT
   UNIQUE
   FULL
   NATURAL
   DISTINCT
   DEFAULT
   GROUP
   ORDER
   BY


语法

    0 $accept: sql_stmts $end

    1 sql_stmts: sql_stmt
    2          | sql_stmts sql_stmt

    3 sql_stmt: create_db_stmt ';'
    4         | create_tb_stmt ';'
    5         | create_idx_stmt ';'
    6         | drop_idx_stmt ';'
    7         | select_stmt ';'
    8         | insert_stmt ';'
    9         | update_stmt ';'
   10         | delete_stmt ';'
   11         | drop_db_stmt ';'
   12         | drop_tb_stmt ';'
   13         | use_db_stmt ';'
   14         | show_stmt ';'
   15         | desc_stmt ';'
   16         | EXIT ';'

   17 show_stmt: SHOW IDENTIFIER

   18 desc_stmt: DESC table_name

   19 create_idx_stmt: CREATE INDEX IDENTIFIER '(' IDENTIFIER ')'

   20 drop_idx_stmt: DROP INDEX IDENTIFIER '(' IDENTIFIER ')'

   21 create_db_stmt: CREATE DATABASE db_name

   22 drop_db_stmt: DROP DATABASE db_name

   23 use_db_stmt: USE DATABASE db_name
   24            | USE db_name

   25 create_tb_stmt: CREATE TABLE table_name '(' column_decs tb_opt_exist ')'

   26 drop_tb_stmt: DROP TABLE table_name

   27 select_stmt: SELECT expr_list_or_star FROM table_refs where_clause select_opt

   28 expr_list_or_star: select_expr_list
   29                  | '*'

   30 insert_stmt: INSERT INTO table_columns VALUES value_list

   31 delete_stmt: DELETE FROM table_name where_clause

   32 update_stmt: UPDATE table_name SET column_ref '=' expr where_clause

   33 where_clause: WHERE condition_expr
   34             | %empty

   35 select_opt: %empty

   36 column_decs: column_decs ',' column_dec
   37            | column_dec

   38 column_dec: IDENTIFIER column_type type_width column_constraints

   39 column_type: INT
   40            | CHAR
   41            | VARCHAR
   42            | FLOAT
   43            | DOUBLE
   44            | DATE

   45 type_width: '(' INT_LITERAL ')'
   46           | %empty

   47 column_constraints: column_constraints column_constraint
   48                   | %empty

   49 column_constraint: NOT TOKEN_NULL

   50 tb_opt_exist: ',' tb_opt_decs
   51             | %empty

   52 tb_opt_decs: tb_opt_dec
   53            | tb_opt_decs ',' tb_opt_dec

   54 tb_opt_dec: PRIMARY KEY '(' column_list ')'
   55           | CHECK '(' IDENTIFIER IN '(' expr_list ')' ')'
   56           | FOREIGN KEY '(' IDENTIFIER ')' REFERENCES IDENTIFIER '(' IDENTIFIER ')'

   57 table_refs: table_join
   58           | table_refs ',' table_join

   59 table_join: table_name
   60           | table_join JOIN table_name join_cond

   61 join_cond: ON condition_expr
   62          | %empty

   63 value_list: '(' expr_list ')'
   64           | value_list ',' '(' expr_list ')'

   65 expr_list: expr
   66          | expr_list ',' expr

   67 select_expr_list: expr
   68                 | aggregate
   69                 | select_expr_list ',' aggregate
   70                 | select_expr_list ',' expr

   71 aggregate: SUM '(' aggregate_term ')'
   72          | AVG '(' aggregate_term ')'
   73          | MIN '(' aggregate_term ')'
   74          | MAX '(' aggregate_term ')'
   75          | COUNT '(' aggregate_term ')'
   76          | COUNT '(' '*' ')'

   77 aggregate_term: column_ref

   78 table_columns: table_name
   79              | table_name '(' column_list ')'

   80 column_list: column_ref
   81            | column_list ',' column_ref

   82 condition_expr: condition_term
   83               | condition_expr logic_op condition_term

   84 logic_op: AND
   85         | OR

   86 condition_term: expr compare_op expr
   87               | expr IN '(' expr_list ')'
   88               | expr IS TOKEN_NULL
   89               | '(' condition_expr ')'
   90               | NOT condition_term
   91               | TRUE
   92               | FALSE

   93 compare_op: '='
   94           | '>'
   95           | '<'
   96           | GEQ
   97           | LEQ
   98           | NEQ
   99           | LIKE

  100 expr: expr '+' factor
  101     | expr '-' factor
  102     | factor

  103 factor: factor '*' term
  104       | factor '/' term
  105       | term

  106 term: column_ref
  107     | INT_LITERAL
  108     | FLOAT_LITERAL
  109     | DATE_LITERAL
  110     | STRING_LITERAL
  111     | TOKEN_NULL
  112     | '-' term
  113     | '(' expr ')'

  114 column_ref: IDENTIFIER
  115           | table_name '.' IDENTIFIER

  116 table_name: IDENTIFIER
  117           | '`' IDENTIFIER '`'

  118 db_name: IDENTIFIER


Terminals, with rules where they appear

$end (0) 0
'(' (40) 19 20 25 45 54 55 56 63 64 71 72 73 74 75 76 79 87 89 113
')' (41) 19 20 25 45 54 55 56 63 64 71 72 73 74 75 76 79 87 89 113
'*' (42) 29 76 103
'+' (43) 100
',' (44) 36 50 53 58 64 66 69 70 81
'-' (45) 101 112
'.' (46) 115
'/' (47) 104
';' (59) 3 4 5 6 7 8 9 10 11 12 13 14 15 16
'<' (60) 95
'=' (61) 32 93
'>' (62) 94
'`' (96) 117
error (256)
TRUE (258) 91
FALSE (259) 92
AND (260) 84
OR (261) 85
NEQ (262) 98
GEQ (263) 96
LEQ (264) 97
NOT (265) 49 90
IS (266) 88
INDEX (267) 19 20
DATABASE (268) 21 22 23
DROP (269) 20 22 26
USE (270) 23 24
UPDATE (271) 32
SET (272) 32
TOKEN_NULL (273) 49 88 111
INT (274) 39
DOUBLE (275) 43
CHAR (276) 40
VARCHAR (277) 41
USING (278)
ASC (279)
DESC (280) 18
JOIN (281) 60
INNER (282)
OUTER (283)
LEFT (284)
RIGHT (285)
UNIQUE (286)
IN (287) 55 87
ON (288) 61
FULL (289)
NATURAL (290)
VALUES (291) 30
COUNT (292) 75 76
SUM (293) 71
AVG (294) 72
MIN (295) 73
MAX (296) 74
DISTINCT (297)
TABLE (298) 25 26
CREATE (299) 19 21 25
SELECT (300) 27
WHERE (301) 33
INSERT (302) 30
INTO (303) 30
FROM (304) 27 31
DEFAULT (305)
CHECK (306) 55
PRIMARY (307) 54
FOREIGN (308) 56
KEY (309) 54 56
REFERENCES (310) 56
GROUP (311)
ORDER (312)
BY (313)
DELETE (314) 31
LIKE (315) 99
SHOW (316) 17
IDENTIFIER (317) 17 19 20 38 55 56 114 115 116 117 118
FLOAT (318) 42
DATE (319) 44
EXIT (320) 16
DATE_LITERAL (321) 109
STRING_LITERAL (322) 110
FLOAT_LITERAL (323) 108
INT_LITERAL (324) 45 107


Nonterminals, with rules where they appear

$accept (83)
    on left: 0
sql_stmts (84)
    on left: 1 2, on right: 0 2
sql_stmt (85)
    on left: 3 4 5 6 7 8 9 10 11 12 13 14 15 16, on right: 1 2
show_stmt (86)
    on left: 17, on right: 14
desc_stmt (87)
    on left: 18, on right: 15
create_idx_stmt (88)
    on left: 19, on right: 5
drop_idx_stmt (89)
    on left: 20, on right: 6
create_db_stmt (90)
    on left: 21, on right: 3
drop_db_stmt (91)
    on left: 22, on right: 11
use_db_stmt (92)
    on left: 23 24, on right: 13
create_tb_stmt (93)
    on left: 25, on right: 4
drop_tb_stmt (94)
    on left: 26, on right: 12
select_stmt (95)
    on left: 27, on right: 7
expr_list_or_star (96)
    on left: 28 29, on right: 27
insert_stmt (97)
    on left: 30, on right: 8
delete_stmt (98)
    on left: 31, on right: 10
update_stmt (99)
    on left: 32, on right: 9
where_clause (100)
    on left: 33 34, on right: 27 31 32
select_opt (101)
    on left: 35, on right: 27
column_decs (102)
    on left: 36 37, on right: 25 36
column_dec (103)
    on left: 38, on right: 36 37
column_type (104)
    on left: 39 40 41 42 43 44, on right: 38
type_width (105)
    on left: 45 46, on right: 38
column_constraints (106)
    on left: 47 48, on right: 38 47
column_constraint (107)
    on left: 49, on right: 47
tb_opt_exist (108)
    on left: 50 51, on right: 25
tb_opt_decs (109)
    on left: 52 53, on right: 50 53
tb_opt_dec (110)
    on left: 54 55 56, on right: 52 53
table_refs (111)
    on left: 57 58, on right: 27 58
table_join (112)
    on left: 59 60, on right: 57 58 60
join_cond (113)
    on left: 61 62, on right: 60
value_list (114)
    on left: 63 64, on right: 30 64
expr_list (115)
    on left: 65 66, on right: 55 63 64 66 87
select_expr_list (116)
    on left: 67 68 69 70, on right: 28 69 70
aggregate (117)
    on left: 71 72 73 74 75 76, on right: 68 69
aggregate_term (118)
    on left: 77, on right: 71 72 73 74 75
table_columns (119)
    on left: 78 79, on right: 30
column_list (120)
    on left: 80 81, on right: 54 79 81
condition_expr (121)
    on left: 82 83, on right: 33 61 83 89
logic_op (122)
    on left: 84 85, on right: 83
condition_term (123)
    on left: 86 87 88 89 90 91 92, on right: 82 83 90
compare_op (124)
    on left: 93 94 95 96 97 98 99, on right: 86
expr (125)
    on left: 100 101 102, on right: 32 65 66 67 70 86 87 88 100 101
    113
factor (126)
    on left: 103 104 105, on right: 100 101 102 103 104
term (127)
    on left: 106 107 108 109 110 111 112 113, on right: 103 104 105
    112
column_ref (128)
    on left: 114 115, on right: 32 77 80 81 106
table_name (129)
    on left: 116 117, on right: 18 25 26 31 32 59 60 78 79 115
db_name (130)
    on left: 118, on right: 21 22 23 24


State 0

    0 $accept: . sql_stmts $end

    DROP    shift, and go to state 1
    USE     shift, and go to state 2
    UPDATE  shift, and go to state 3
    DESC    shift, and go to state 4
    CREATE  shift, and go to state 5
    SELECT  shift, and go to state 6
    INSERT  shift, and go to state 7
    DELETE  shift, and go to state 8
    SHOW    shift, and go to state 9
    EXIT    shift, and go to state 10

    sql_stmts        转到状态 11
    sql_stmt         转到状态 12
    show_stmt        转到状态 13
    desc_stmt        转到状态 14
    create_idx_stmt  转到状态 15
    drop_idx_stmt    转到状态 16
    create_db_stmt   转到状态 17
    drop_db_stmt     转到状态 18
    use_db_stmt      转到状态 19
    create_tb_stmt   转到状态 20
    drop_tb_stmt     转到状态 21
    select_stmt      转到状态 22
    insert_stmt      转到状态 23
    delete_stmt      转到状态 24
    update_stmt      转到状态 25


State 1

   20 drop_idx_stmt: DROP . INDEX IDENTIFIER '(' IDENTIFIER ')'
   22 drop_db_stmt: DROP . DATABASE db_name
   26 drop_tb_stmt: DROP . TABLE table_name

    INDEX     shift, and go to state 26
    DATABASE  shift, and go to state 27
    TABLE     shift, and go to state 28


State 2

   23 use_db_stmt: USE . DATABASE db_name
   24            | USE . db_name

    DATABASE    shift, and go to state 29
    IDENTIFIER  shift, and go to state 30

    db_name  转到状态 31


State 3

   32 update_stmt: UPDATE . table_name SET column_ref '=' expr where_clause

    IDENTIFIER  shift, and go to state 32
    '`'         shift, and go to state 33

    table_name  转到状态 34


State 4

   18 desc_stmt: DESC . table_name

    IDENTIFIER  shift, and go to state 32
    '`'         shift, and go to state 33

    table_name  转到状态 35


State 5

   19 create_idx_stmt: CREATE . INDEX IDENTIFIER '(' IDENTIFIER ')'
   21 create_db_stmt: CREATE . DATABASE db_name
   25 create_tb_stmt: CREATE . TABLE table_name '(' column_decs tb_opt_exist ')'

    INDEX     shift, and go to state 36
    DATABASE  shift, and go to state 37
    TABLE     shift, and go to state 38


State 6

   27 select_stmt: SELECT . expr_list_or_star FROM table_refs where_clause select_opt

    TOKEN_NULL      shift, and go to state 39
    COUNT           shift, and go to state 40
    SUM             shift, and go to state 41
    AVG             shift, and go to state 42
    MIN             shift, and go to state 43
    MAX             shift, and go to state 44
    IDENTIFIER      shift, and go to state 45
    DATE_LITERAL    shift, and go to state 46
    STRING_LITERAL  shift, and go to state 47
    FLOAT_LITERAL   shift, and go to state 48
    INT_LITERAL     shift, and go to state 49
    '('             shift, and go to state 50
    '*'             shift, and go to state 51
    '-'             shift, and go to state 52
    '`'             shift, and go to state 33

    expr_list_or_star  转到状态 53
    select_expr_list   转到状态 54
    aggregate          转到状态 55
    expr               转到状态 56
    factor             转到状态 57
    term               转到状态 58
    column_ref         转到状态 59
    table_name         转到状态 60


State 7

   30 insert_stmt: INSERT . INTO table_columns VALUES value_list

    INTO  shift, and go to state 61


State 8

   31 delete_stmt: DELETE . FROM table_name where_clause

    FROM  shift, and go to state 62


State 9

   17 show_stmt: SHOW . IDENTIFIER

    IDENTIFIER  shift, and go to state 63


State 10

   16 sql_stmt: EXIT . ';'

    ';'  shift, and go to state 64


State 11

    0 $accept: sql_stmts . $end
    2 sql_stmts: sql_stmts . sql_stmt

    $end    shift, and go to state 65
    DROP    shift, and go to state 1
    USE     shift, and go to state 2
    UPDATE  shift, and go to state 3
    DESC    shift, and go to state 4
    CREATE  shift, and go to state 5
    SELECT  shift, and go to state 6
    INSERT  shift, and go to state 7
    DELETE  shift, and go to state 8
    SHOW    shift, and go to state 9
    EXIT    shift, and go to state 10

    sql_stmt         转到状态 66
    show_stmt        转到状态 13
    desc_stmt        转到状态 14
    create_idx_stmt  转到状态 15
    drop_idx_stmt    转到状态 16
    create_db_stmt   转到状态 17
    drop_db_stmt     转到状态 18
    use_db_stmt      转到状态 19
    create_tb_stmt   转到状态 20
    drop_tb_stmt     转到状态 21
    select_stmt      转到状态 22
    insert_stmt      转到状态 23
    delete_stmt      转到状态 24
    update_stmt      转到状态 25


State 12

    1 sql_stmts: sql_stmt .

    $default  reduce using rule 1 (sql_stmts)


State 13

   14 sql_stmt: show_stmt . ';'

    ';'  shift, and go to state 67


State 14

   15 sql_stmt: desc_stmt . ';'

    ';'  shift, and go to state 68


State 15

    5 sql_stmt: create_idx_stmt . ';'

    ';'  shift, and go to state 69


State 16

    6 sql_stmt: drop_idx_stmt . ';'

    ';'  shift, and go to state 70


State 17

    3 sql_stmt: create_db_stmt . ';'

    ';'  shift, and go to state 71


State 18

   11 sql_stmt: drop_db_stmt . ';'

    ';'  shift, and go to state 72


State 19

   13 sql_stmt: use_db_stmt . ';'

    ';'  shift, and go to state 73


State 20

    4 sql_stmt: create_tb_stmt . ';'

    ';'  shift, and go to state 74


State 21

   12 sql_stmt: drop_tb_stmt . ';'

    ';'  shift, and go to state 75


State 22

    7 sql_stmt: select_stmt . ';'

    ';'  shift, and go to state 76


State 23

    8 sql_stmt: insert_stmt . ';'

    ';'  shift, and go to state 77


State 24

   10 sql_stmt: delete_stmt . ';'

    ';'  shift, and go to state 78


State 25

    9 sql_stmt: update_stmt . ';'

    ';'  shift, and go to state 79


State 26

   20 drop_idx_stmt: DROP INDEX . IDENTIFIER '(' IDENTIFIER ')'

    IDENTIFIER  shift, and go to state 80


State 27

   22 drop_db_stmt: DROP DATABASE . db_name

    IDENTIFIER  shift, and go to state 30

    db_name  转到状态 81


State 28

   26 drop_tb_stmt: DROP TABLE . table_name

    IDENTIFIER  shift, and go to state 32
    '`'         shift, and go to state 33

    table_name  转到状态 82


State 29

   23 use_db_stmt: USE DATABASE . db_name

    IDENTIFIER  shift, and go to state 30

    db_name  转到状态 83


State 30

  118 db_name: IDENTIFIER .

    $default  reduce using rule 118 (db_name)


State 31

   24 use_db_stmt: USE db_name .

    $default  reduce using rule 24 (use_db_stmt)


State 32

  116 table_name: IDENTIFIER .

    $default  reduce using rule 116 (table_name)


State 33

  117 table_name: '`' . IDENTIFIER '`'

    IDENTIFIER  shift, and go to state 84


State 34

   32 update_stmt: UPDATE table_name . SET column_ref '=' expr where_clause

    SET  shift, and go to state 85


State 35

   18 desc_stmt: DESC table_name .

    $default  reduce using rule 18 (desc_stmt)


State 36

   19 create_idx_stmt: CREATE INDEX . IDENTIFIER '(' IDENTIFIER ')'

    IDENTIFIER  shift, and go to state 86


State 37

   21 create_db_stmt: CREATE DATABASE . db_name

    IDENTIFIER  shift, and go to state 30

    db_name  转到状态 87


State 38

   25 create_tb_stmt: CREATE TABLE . table_name '(' column_decs tb_opt_exist ')'

    IDENTIFIER  shift, and go to state 32
    '`'         shift, and go to state 33

    table_name  转到状态 88


State 39

  111 term: TOKEN_NULL .

    $default  reduce using rule 111 (term)


State 40

   75 aggregate: COUNT . '(' aggregate_term ')'
   76          | COUNT . '(' '*' ')'

    '('  shift, and go to state 89


State 41

   71 aggregate: SUM . '(' aggregate_term ')'

    '('  shift, and go to state 90


State 42

   72 aggregate: AVG . '(' aggregate_term ')'

    '('  shift, and go to state 91


State 43

   73 aggregate: MIN . '(' aggregate_term ')'

    '('  shift, and go to state 92


State 44

   74 aggregate: MAX . '(' aggregate_term ')'

    '('  shift, and go to state 93


State 45

  114 column_ref: IDENTIFIER .
  116 table_name: IDENTIFIER .

    '.'       reduce using rule 116 (table_name)
    $default  reduce using rule 114 (column_ref)


State 46

  109 term: DATE_LITERAL .

    $default  reduce using rule 109 (term)


State 47

  110 term: STRING_LITERAL .

    $default  reduce using rule 110 (term)


State 48

  108 term: FLOAT_LITERAL .

    $default  reduce using rule 108 (term)


State 49

  107 term: INT_LITERAL .

    $default  reduce using rule 107 (term)


State 50

  113 term: '(' . expr ')'

    TOKEN_NULL      shift, and go to state 39
    IDENTIFIER      shift, and go to state 45
    DATE_LITERAL    shift, and go to state 46
    STRING_LITERAL  shift, and go to state 47
    FLOAT_LITERAL   shift, and go to state 48
    INT_LITERAL     shift, and go to state 49
    '('             shift, and go to state 50
    '-'             shift, and go to state 52
    '`'             shift, and go to state 33

    expr        转到状态 94
    factor      转到状态 57
    term        转到状态 58
    column_ref  转到状态 59
    table_name  转到状态 60


State 51

   29 expr_list_or_star: '*' .

    $default  reduce using rule 29 (expr_list_or_star)


State 52

  112 term: '-' . term

    TOKEN_NULL      shift, and go to state 39
    IDENTIFIER      shift, and go to state 45
    DATE_LITERAL    shift, and go to state 46
    STRING_LITERAL  shift, and go to state 47
    FLOAT_LITERAL   shift, and go to state 48
    INT_LITERAL     shift, and go to state 49
    '('             shift, and go to state 50
    '-'             shift, and go to state 52
    '`'             shift, and go to state 33

    term        转到状态 95
    column_ref  转到状态 59
    table_name  转到状态 60


State 53

   27 select_stmt: SELECT expr_list_or_star . FROM table_refs where_clause select_opt

    FROM  shift, and go to state 96


State 54

   28 expr_list_or_star: select_expr_list .
   69 select_expr_list: select_expr_list . ',' aggregate
   70                 | select_expr_list . ',' expr

    ','  shift, and go to state 97

    $default  reduce using rule 28 (expr_list_or_star)


State 55

   68 select_expr_list: aggregate .

    $default  reduce using rule 68 (select_expr_list)


State 56

   67 select_expr_list: expr .
  100 expr: expr . '+' factor
  101     | expr . '-' factor

    '+'  shift, and go to state 98
    '-'  shift, and go to state 99

    $default  reduce using rule 67 (select_expr_list)


State 57

  102 expr: factor .
  103 factor: factor . '*' term
  104       | factor . '/' term

    '*'  shift, and go to state 100
    '/'  shift, and go to state 101

    $default  reduce using rule 102 (expr)


State 58

  105 factor: term .

    $default  reduce using rule 105 (factor)


State 59

  106 term: column_ref .

    $default  reduce using rule 106 (term)


State 60

  115 column_ref: table_name . '.' IDENTIFIER

    '.'  shift, and go to state 102


State 61

   30 insert_stmt: INSERT INTO . table_columns VALUES value_list

    IDENTIFIER  shift, and go to state 32
    '`'         shift, and go to state 33

    table_columns  转到状态 103
    table_name     转到状态 104


State 62

   31 delete_stmt: DELETE FROM . table_name where_clause

    IDENTIFIER  shift, and go to state 32
    '`'         shift, and go to state 33

    table_name  转到状态 105


State 63

   17 show_stmt: SHOW IDENTIFIER .

    $default  reduce using rule 17 (show_stmt)


State 64

   16 sql_stmt: EXIT ';' .

    $default  reduce using rule 16 (sql_stmt)


State 65

    0 $accept: sql_stmts $end .

    $default  接受


State 66

    2 sql_stmts: sql_stmts sql_stmt .

    $default  reduce using rule 2 (sql_stmts)


State 67

   14 sql_stmt: show_stmt ';' .

    $default  reduce using rule 14 (sql_stmt)


State 68

   15 sql_stmt: desc_stmt ';' .

    $default  reduce using rule 15 (sql_stmt)


State 69

    5 sql_stmt: create_idx_stmt ';' .

    $default  reduce using rule 5 (sql_stmt)


State 70

    6 sql_stmt: drop_idx_stmt ';' .

    $default  reduce using rule 6 (sql_stmt)


State 71

    3 sql_stmt: create_db_stmt ';' .

    $default  reduce using rule 3 (sql_stmt)


State 72

   11 sql_stmt: drop_db_stmt ';' .

    $default  reduce using rule 11 (sql_stmt)


State 73

   13 sql_stmt: use_db_stmt ';' .

    $default  reduce using rule 13 (sql_stmt)


State 74

    4 sql_stmt: create_tb_stmt ';' .

    $default  reduce using rule 4 (sql_stmt)


State 75

   12 sql_stmt: drop_tb_stmt ';' .

    $default  reduce using rule 12 (sql_stmt)


State 76

    7 sql_stmt: select_stmt ';' .

    $default  reduce using rule 7 (sql_stmt)


State 77

    8 sql_stmt: insert_stmt ';' .

    $default  reduce using rule 8 (sql_stmt)


State 78

   10 sql_stmt: delete_stmt ';' .

    $default  reduce using rule 10 (sql_stmt)


State 79

    9 sql_stmt: update_stmt ';' .

    $default  reduce using rule 9 (sql_stmt)


State 80

   20 drop_idx_stmt: DROP INDEX IDENTIFIER . '(' IDENTIFIER ')'

    '('  shift, and go to state 106


State 81

   22 drop_db_stmt: DROP DATABASE db_name .

    $default  reduce using rule 22 (drop_db_stmt)


State 82

   26 drop_tb_stmt: DROP TABLE table_name .

    $default  reduce using rule 26 (drop_tb_stmt)


State 83

   23 use_db_stmt: USE DATABASE db_name .

    $default  reduce using rule 23 (use_db_stmt)


State 84

  117 table_name: '`' IDENTIFIER . '`'

    '`'  shift, and go to state 107


State 85

   32 update_stmt: UPDATE table_name SET . column_ref '=' expr where_clause

    IDENTIFIER  shift, and go to state 45
    '`'         shift, and go to state 33

    column_ref  转到状态 108
    table_name  转到状态 60


State 86

   19 create_idx_stmt: CREATE INDEX IDENTIFIER . '(' IDENTIFIER ')'

    '('  shift, and go to state 109


State 87

   21 create_db_stmt: CREATE DATABASE db_name .

    $default  reduce using rule 21 (create_db_stmt)


State 88

   25 create_tb_stmt: CREATE TABLE table_name . '(' column_decs tb_opt_exist ')'

    '('  shift, and go to state 110


State 89

   75 aggregate: COUNT '(' . aggregate_term ')'
   76          | COUNT '(' . '*' ')'

    IDENTIFIER  shift, and go to state 45
    '*'         shift, and go to state 111
    '`'         shift, and go to state 33

    aggregate_term  转到状态 112
    column_ref      转到状态 113
    table_name      转到状态 60


State 90

   71 aggregate: SUM '(' . aggregate_term ')'

    IDENTIFIER  shift, and go to state 45
    '`'         shift, and go to state 33

    aggregate_term  转到状态 114
    column_ref      转到状态 113
    table_name      转到状态 60


State 91

   72 aggregate: AVG '(' . aggregate_term ')'

    IDENTIFIER  shift, and go to state 45
    '`'         shift, and go to state 33

    aggregate_term  转到状态 115
    column_ref      转到状态 113
    table_name      转到状态 60


State 92

   73 aggregate: MIN '(' . aggregate_term ')'

    IDENTIFIER  shift, and go to state 45
    '`'         shift, and go to state 33

    aggregate_term  转到状态 116
    column_ref      转到状态 113
    table_name      转到状态 60


State 93

   74 aggregate: MAX '(' . aggregate_term ')'

    IDENTIFIER  shift, and go to state 45
    '`'         shift, and go to state 33

    aggregate_term  转到状态 117
    column_ref      转到状态 113
    table_name      转到状态 60


State 94

  100 expr: expr . '+' factor
  101     | expr . '-' factor
  113 term: '(' expr . ')'

    ')'  shift, and go to state 118
    '+'  shift, and go to state 98
    '-'  shift, and go to state 99


State 95

  112 term: '-' term .

    $default  reduce using rule 112 (term)


State 96

   27 select_stmt: SELECT expr_list_or_star FROM . table_refs where_clause select_opt

    IDENTIFIER  shift, and go to state 32
    '`'         shift, and go to state 33

    table_refs  转到状态 119
    table_join  转到状态 120
    table_name  转到状态 121


State 97

   69 select_expr_list: select_expr_list ',' . aggregate
   70                 | select_expr_list ',' . expr

    TOKEN_NULL      shift, and go to state 39
    COUNT           shift, and go to state 40
    SUM             shift, and go to state 41
    AVG             shift, and go to state 42
    MIN             shift, and go to state 43
    MAX             shift, and go to state 44
    IDENTIFIER      shift, and go to state 45
    DATE_LITERAL    shift, and go to state 46
    STRING_LITERAL  shift, and go to state 47
    FLOAT_LITERAL   shift, and go to state 48
    INT_LITERAL     shift, and go to state 49
    '('             shift, and go to state 50
    '-'             shift, and go to state 52
    '`'             shift, and go to state 33

    aggregate   转到状态 122
    expr        转到状态 123
    factor      转到状态 57
    term        转到状态 58
    column_ref  转到状态 59
    table_name  转到状态 60


State 98

  100 expr: expr '+' . factor

    TOKEN_NULL      shift, and go to state 39
    IDENTIFIER      shift, and go to state 45
    DATE_LITERAL    shift, and go to state 46
    STRING_LITERAL  shift, and go to state 47
    FLOAT_LITERAL   shift, and go to state 48
    INT_LITERAL     shift, and go to state 49
    '('             shift, and go to state 50
    '-'             shift, and go to state 52
    '`'             shift, and go to state 33

    factor      转到状态 124
    term        转到状态 58
    column_ref  转到状态 59
    table_name  转到状态 60


State 99

  101 expr: expr '-' . factor

    TOKEN_NULL      shift, and go to state 39
    IDENTIFIER      shift, and go to state 45
    DATE_LITERAL    shift, and go to state 46
    STRING_LITERAL  shift, and go to state 47
    FLOAT_LITERAL   shift, and go to state 48
    INT_LITERAL     shift, and go to state 49
    '('             shift, and go to state 50
    '-'             shift, and go to state 52
    '`'             shift, and go to state 33

    factor      转到状态 125
    term        转到状态 58
    column_ref  转到状态 59
    table_name  转到状态 60


State 100

  103 factor: factor '*' . term

    TOKEN_NULL      shift, and go to state 39
    IDENTIFIER      shift, and go to state 45
    DATE_LITERAL    shift, and go to state 46
    STRING_LITERAL  shift, and go to state 47
    FLOAT_LITERAL   shift, and go to state 48
    INT_LITERAL     shift, and go to state 49
    '('             shift, and go to state 50
    '-'             shift, and go to state 52
    '`'             shift, and go to state 33

    term        转到状态 126
    column_ref  转到状态 59
    table_name  转到状态 60


State 101

  104 factor: factor '/' . term

    TOKEN_NULL      shift, and go to state 39
    IDENTIFIER      shift, and go to state 45
    DATE_LITERAL    shift, and go to state 46
    STRING_LITERAL  shift, and go to state 47
    FLOAT_LITERAL   shift, and go to state 48
    INT_LITERAL     shift, and go to state 49
    '('             shift, and go to state 50
    '-'             shift, and go to state 52
    '`'             shift, and go to state 33

    term        转到状态 127
    column_ref  转到状态 59
    table_name  转到状态 60


State 102

  115 column_ref: table_name '.' . IDENTIFIER

    IDENTIFIER  shift, and go to state 128


State 103

   30 insert_stmt: INSERT INTO table_columns . VALUES value_list

    VALUES  shift, and go to state 129


State 104

   78 table_columns: table_name .
   79              | table_name . '(' column_list ')'

    '('  shift, and go to state 130

    $default  reduce using rule 78 (table_columns)


State 105

   31 delete_stmt: DELETE FROM table_name . where_clause

    WHERE  shift, and go to state 131

    $default  reduce using rule 34 (where_clause)

    where_clause  转到状态 132


State 106

   20 drop_idx_stmt: DROP INDEX IDENTIFIER '(' . IDENTIFIER ')'

    IDENTIFIER  shift, and go to state 133


State 107

  117 table_name: '`' IDENTIFIER '`' .

    $default  reduce using rule 117 (table_name)


State 108

   32 update_stmt: UPDATE table_name SET column_ref . '=' expr where_clause

    '='  shift, and go to state 134


State 109

   19 create_idx_stmt: CREATE INDEX IDENTIFIER '(' . IDENTIFIER ')'

    IDENTIFIER  shift, and go to state 135


State 110

   25 create_tb_stmt: CREATE TABLE table_name '(' . column_decs tb_opt_exist ')'

    IDENTIFIER  shift, and go to state 136

    column_decs  转到状态 137
    column_dec   转到状态 138


State 111

   76 aggregate: COUNT '(' '*' . ')'

    ')'  shift, and go to state 139


State 112

   75 aggregate: COUNT '(' aggregate_term . ')'

    ')'  shift, and go to state 140


State 113

   77 aggregate_term: column_ref .

    $default  reduce using rule 77 (aggregate_term)


State 114

   71 aggregate: SUM '(' aggregate_term . ')'

    ')'  shift, and go to state 141


State 115

   72 aggregate: AVG '(' aggregate_term . ')'

    ')'  shift, and go to state 142


State 116

   73 aggregate: MIN '(' aggregate_term . ')'

    ')'  shift, and go to state 143


State 117

   74 aggregate: MAX '(' aggregate_term . ')'

    ')'  shift, and go to state 144


State 118

  113 term: '(' expr ')' .

    $default  reduce using rule 113 (term)


State 119

   27 select_stmt: SELECT expr_list_or_star FROM table_refs . where_clause select_opt
   58 table_refs: table_refs . ',' table_join

    WHERE  shift, and go to state 131
    ','    shift, and go to state 145

    $default  reduce using rule 34 (where_clause)

    where_clause  转到状态 146


State 120

   57 table_refs: table_join .
   60 table_join: table_join . JOIN table_name join_cond

    JOIN  shift, and go to state 147

    $default  reduce using rule 57 (table_refs)


State 121

   59 table_join: table_name .

    $default  reduce using rule 59 (table_join)


State 122

   69 select_expr_list: select_expr_list ',' aggregate .

    $default  reduce using rule 69 (select_expr_list)


State 123

   70 select_expr_list: select_expr_list ',' expr .
  100 expr: expr . '+' factor
  101     | expr . '-' factor

    '+'  shift, and go to state 98
    '-'  shift, and go to state 99

    $default  reduce using rule 70 (select_expr_list)


State 124

  100 expr: expr '+' factor .
  103 factor: factor . '*' term
  104       | factor . '/' term

    '*'  shift, and go to state 100
    '/'  shift, and go to state 101

    $default  reduce using rule 100 (expr)


State 125

  101 expr: expr '-' factor .
  103 factor: factor . '*' term
  104       | factor . '/' term

    '*'  shift, and go to state 100
    '/'  shift, and go to state 101

    $default  reduce using rule 101 (expr)


State 126

  103 factor: factor '*' term .

    $default  reduce using rule 103 (factor)


State 127

  104 factor: factor '/' term .

    $default  reduce using rule 104 (factor)


State 128

  115 column_ref: table_name '.' IDENTIFIER .

    $default  reduce using rule 115 (column_ref)


State 129

   30 insert_stmt: INSERT INTO table_columns VALUES . value_list

    '('  shift, and go to state 148

    value_list  转到状态 149


State 130

   79 table_columns: table_name '(' . column_list ')'

    IDENTIFIER  shift, and go to state 45
    '`'         shift, and go to state 33

    column_list  转到状态 150
    column_ref   转到状态 151
    table_name   转到状态 60


State 131

   33 where_clause: WHERE . condition_expr

    TRUE            shift, and go to state 152
    FALSE           shift, and go to state 153
    NOT             shift, and go to state 154
    TOKEN_NULL      shift, and go to state 39
    IDENTIFIER      shift, and go to state 45
    DATE_LITERAL    shift, and go to state 46
    STRING_LITERAL  shift, and go to state 47
    FLOAT_LITERAL   shift, and go to state 48
    INT_LITERAL     shift, and go to state 49
    '('             shift, and go to state 155
    '-'             shift, and go to state 52
    '`'             shift, and go to state 33

    condition_expr  转到状态 156
    condition_term  转到状态 157
    expr            转到状态 158
    factor          转到状态 57
    term            转到状态 58
    column_ref      转到状态 59
    table_name      转到状态 60


State 132

   31 delete_stmt: DELETE FROM table_name where_clause .

    $default  reduce using rule 31 (delete_stmt)


State 133

   20 drop_idx_stmt: DROP INDEX IDENTIFIER '(' IDENTIFIER . ')'

    ')'  shift, and go to state 159


State 134

   32 update_stmt: UPDATE table_name SET column_ref '=' . expr where_clause

    TOKEN_NULL      shift, and go to state 39
    IDENTIFIER      shift, and go to state 45
    DATE_LITERAL    shift, and go to state 46
    STRING_LITERAL  shift, and go to state 47
    FLOAT_LITERAL   shift, and go to state 48
    INT_LITERAL     shift, and go to state 49
    '('             shift, and go to state 50
    '-'             shift, and go to state 52
    '`'             shift, and go to state 33

    expr        转到状态 160
    factor      转到状态 57
    term        转到状态 58
    column_ref  转到状态 59
    table_name  转到状态 60


State 135

   19 create_idx_stmt: CREATE INDEX IDENTIFIER '(' IDENTIFIER . ')'

    ')'  shift, and go to state 161


State 136

   38 column_dec: IDENTIFIER . column_type type_width column_constraints

    INT      shift, and go to state 162
    DOUBLE   shift, and go to state 163
    CHAR     shift, and go to state 164
    VARCHAR  shift, and go to state 165
    FLOAT    shift, and go to state 166
    DATE     shift, and go to state 167

    column_type  转到状态 168


State 137

   25 create_tb_stmt: CREATE TABLE table_name '(' column_decs . tb_opt_exist ')'
   36 column_decs: column_decs . ',' column_dec

    ','  shift, and go to state 169

    $default  reduce using rule 51 (tb_opt_exist)

    tb_opt_exist  转到状态 170


State 138

   37 column_decs: column_dec .

    $default  reduce using rule 37 (column_decs)


State 139

   76 aggregate: COUNT '(' '*' ')' .

    $default  reduce using rule 76 (aggregate)


State 140

   75 aggregate: COUNT '(' aggregate_term ')' .

    $default  reduce using rule 75 (aggregate)


State 141

   71 aggregate: SUM '(' aggregate_term ')' .

    $default  reduce using rule 71 (aggregate)


State 142

   72 aggregate: AVG '(' aggregate_term ')' .

    $default  reduce using rule 72 (aggregate)


State 143

   73 aggregate: MIN '(' aggregate_term ')' .

    $default  reduce using rule 73 (aggregate)


State 144

   74 aggregate: MAX '(' aggregate_term ')' .

    $default  reduce using rule 74 (aggregate)


State 145

   58 table_refs: table_refs ',' . table_join

    IDENTIFIER  shift, and go to state 32
    '`'         shift, and go to state 33

    table_join  转到状态 171
    table_name  转到状态 121


State 146

   27 select_stmt: SELECT expr_list_or_star FROM table_refs where_clause . select_opt

    $default  reduce using rule 35 (select_opt)

    select_opt  转到状态 172


State 147

   60 table_join: table_join JOIN . table_name join_cond

    IDENTIFIER  shift, and go to state 32
    '`'         shift, and go to state 33

    table_name  转到状态 173


State 148

   63 value_list: '(' . expr_list ')'

    TOKEN_NULL      shift, and go to state 39
    IDENTIFIER      shift, and go to state 45
    DATE_LITERAL    shift, and go to state 46
    STRING_LITERAL  shift, and go to state 47
    FLOAT_LITERAL   shift, and go to state 48
    INT_LITERAL     shift, and go to state 49
    '('             shift, and go to state 50
    '-'             shift, and go to state 52
    '`'             shift, and go to state 33

    expr_list   转到状态 174
    expr        转到状态 175
    factor      转到状态 57
    term        转到状态 58
    column_ref  转到状态 59
    table_name  转到状态 60


State 149

   30 insert_stmt: INSERT INTO table_columns VALUES value_list .
   64 value_list: value_list . ',' '(' expr_list ')'

    ','  shift, and go to state 176

    $default  reduce using rule 30 (insert_stmt)


State 150

   79 table_columns: table_name '(' column_list . ')'
   81 column_list: column_list . ',' column_ref

    ')'  shift, and go to state 177
    ','  shift, and go to state 178


State 151

   80 column_list: column_ref .

    $default  reduce using rule 80 (column_list)


State 152

   91 condition_term: TRUE .

    $default  reduce using rule 91 (condition_term)


State 153

   92 condition_term: FALSE .

    $default  reduce using rule 92 (condition_term)


State 154

   90 condition_term: NOT . condition_term

    TRUE            shift, and go to state 152
    FALSE           shift, and go to state 153
    NOT             shift, and go to state 154
    TOKEN_NULL      shift, and go to state 39
    IDENTIFIER      shift, and go to state 45
    DATE_LITERAL    shift, and go to state 46
    STRING_LITERAL  shift, and go to state 47
    FLOAT_LITERAL   shift, and go to state 48
    INT_LITERAL     shift, and go to state 49
    '('             shift, and go to state 155
    '-'             shift, and go to state 52
    '`'             shift, and go to state 33

    condition_term  转到状态 179
    expr            转到状态 158
    factor          转到状态 57
    term            转到状态 58
    column_ref      转到状态 59
    table_name      转到状态 60


State 155

   89 condition_term: '(' . condition_expr ')'
  113 term: '(' . expr ')'

    TRUE            shift, and go to state 152
    FALSE           shift, and go to state 153
    NOT             shift, and go to state 154
    TOKEN_NULL      shift, and go to state 39
    IDENTIFIER      shift, and go to state 45
    DATE_LITERAL    shift, and go to state 46
    STRING_LITERAL  shift, and go to state 47
    FLOAT_LITERAL   shift, and go to state 48
    INT_LITERAL     shift, and go to state 49
    '('             shift, and go to state 155
    '-'             shift, and go to state 52
    '`'             shift, and go to state 33

    condition_expr  转到状态 180
    condition_term  转到状态 157
    expr            转到状态 181
    factor          转到状态 57
    term            转到状态 58
    column_ref      转到状态 59
    table_name      转到状态 60


State 156

   33 where_clause: WHERE condition_expr .
   83 condition_expr: condition_expr . logic_op condition_term

    AND  shift, and go to state 182
    OR   shift, and go to state 183

    $default  reduce using rule 33 (where_clause)

    logic_op  转到状态 184


State 157

   82 condition_expr: condition_term .

    $default  reduce using rule 82 (condition_expr)


State 158

   86 condition_term: expr . compare_op expr
   87               | expr . IN '(' expr_list ')'
   88               | expr . IS TOKEN_NULL
  100 expr: expr . '+' factor
  101     | expr . '-' factor

    NEQ   shift, and go to state 185
    GEQ   shift, and go to state 186
    LEQ   shift, and go to state 187
    IS    shift, and go to state 188
    IN    shift, and go to state 189
    LIKE  shift, and go to state 190
    '='   shift, and go to state 191
    '>'   shift, and go to state 192
    '<'   shift, and go to state 193
    '+'   shift, and go to state 98
    '-'   shift, and go to state 99

    compare_op  转到状态 194


State 159

   20 drop_idx_stmt: DROP INDEX IDENTIFIER '(' IDENTIFIER ')' .

    $default  reduce using rule 20 (drop_idx_stmt)


State 160

   32 update_stmt: UPDATE table_name SET column_ref '=' expr . where_clause
  100 expr: expr . '+' factor
  101     | expr . '-' factor

    WHERE  shift, and go to state 131
    '+'    shift, and go to state 98
    '-'    shift, and go to state 99

    $default  reduce using rule 34 (where_clause)

    where_clause  转到状态 195


State 161

   19 create_idx_stmt: CREATE INDEX IDENTIFIER '(' IDENTIFIER ')' .

    $default  reduce using rule 19 (create_idx_stmt)


State 162

   39 column_type: INT .

    $default  reduce using rule 39 (column_type)


State 163

   43 column_type: DOUBLE .

    $default  reduce using rule 43 (column_type)


State 164

   40 column_type: CHAR .

    $default  reduce using rule 40 (column_type)


State 165

   41 column_type: VARCHAR .

    $default  reduce using rule 41 (column_type)


State 166

   42 column_type: FLOAT .

    $default  reduce using rule 42 (column_type)


State 167

   44 column_type: DATE .

    $default  reduce using rule 44 (column_type)


State 168

   38 column_dec: IDENTIFIER column_type . type_width column_constraints

    '('  shift, and go to state 196

    $default  reduce using rule 46 (type_width)

    type_width  转到状态 197


State 169

   36 column_decs: column_decs ',' . column_dec
   50 tb_opt_exist: ',' . tb_opt_decs

    CHECK       shift, and go to state 198
    PRIMARY     shift, and go to state 199
    FOREIGN     shift, and go to state 200
    IDENTIFIER  shift, and go to state 136

    column_dec   转到状态 201
    tb_opt_decs  转到状态 202
    tb_opt_dec   转到状态 203


State 170

   25 create_tb_stmt: CREATE TABLE table_name '(' column_decs tb_opt_exist . ')'

    ')'  shift, and go to state 204


State 171

   58 table_refs: table_refs ',' table_join .
   60 table_join: table_join . JOIN table_name join_cond

    JOIN  shift, and go to state 147

    $default  reduce using rule 58 (table_refs)


State 172

   27 select_stmt: SELECT expr_list_or_star FROM table_refs where_clause select_opt .

    $default  reduce using rule 27 (select_stmt)


State 173

   60 table_join: table_join JOIN table_name . join_cond

    ON  shift, and go to state 205

    $default  reduce using rule 62 (join_cond)

    join_cond  转到状态 206


State 174

   63 value_list: '(' expr_list . ')'
   66 expr_list: expr_list . ',' expr

    ')'  shift, and go to state 207
    ','  shift, and go to state 208


State 175

   65 expr_list: expr .
  100 expr: expr . '+' factor
  101     | expr . '-' factor

    '+'  shift, and go to state 98
    '-'  shift, and go to state 99

    $default  reduce using rule 65 (expr_list)


State 176

   64 value_list: value_list ',' . '(' expr_list ')'

    '('  shift, and go to state 209


State 177

   79 table_columns: table_name '(' column_list ')' .

    $default  reduce using rule 79 (table_columns)


State 178

   81 column_list: column_list ',' . column_ref

    IDENTIFIER  shift, and go to state 45
    '`'         shift, and go to state 33

    column_ref  转到状态 210
    table_name  转到状态 60


State 179

   90 condition_term: NOT condition_term .

    $default  reduce using rule 90 (condition_term)


State 180

   83 condition_expr: condition_expr . logic_op condition_term
   89 condition_term: '(' condition_expr . ')'

    AND  shift, and go to state 182
    OR   shift, and go to state 183
    ')'  shift, and go to state 211

    logic_op  转到状态 184


State 181

   86 condition_term: expr . compare_op expr
   87               | expr . IN '(' expr_list ')'
   88               | expr . IS TOKEN_NULL
  100 expr: expr . '+' factor
  101     | expr . '-' factor
  113 term: '(' expr . ')'

    NEQ   shift, and go to state 185
    GEQ   shift, and go to state 186
    LEQ   shift, and go to state 187
    IS    shift, and go to state 188
    IN    shift, and go to state 189
    LIKE  shift, and go to state 190
    ')'   shift, and go to state 118
    '='   shift, and go to state 191
    '>'   shift, and go to state 192
    '<'   shift, and go to state 193
    '+'   shift, and go to state 98
    '-'   shift, and go to state 99

    compare_op  转到状态 194


State 182

   84 logic_op: AND .

    $default  reduce using rule 84 (logic_op)


State 183

   85 logic_op: OR .

    $default  reduce using rule 85 (logic_op)


State 184

   83 condition_expr: condition_expr logic_op . condition_term

    TRUE            shift, and go to state 152
    FALSE           shift, and go to state 153
    NOT             shift, and go to state 154
    TOKEN_NULL      shift, and go to state 39
    IDENTIFIER      shift, and go to state 45
    DATE_LITERAL    shift, and go to state 46
    STRING_LITERAL  shift, and go to state 47
    FLOAT_LITERAL   shift, and go to state 48
    INT_LITERAL     shift, and go to state 49
    '('             shift, and go to state 155
    '-'             shift, and go to state 52
    '`'             shift, and go to state 33

    condition_term  转到状态 212
    expr            转到状态 158
    factor          转到状态 57
    term            转到状态 58
    column_ref      转到状态 59
    table_name      转到状态 60


State 185

   98 compare_op: NEQ .

    $default  reduce using rule 98 (compare_op)


State 186

   96 compare_op: GEQ .

    $default  reduce using rule 96 (compare_op)


State 187

   97 compare_op: LEQ .

    $default  reduce using rule 97 (compare_op)


State 188

   88 condition_term: expr IS . TOKEN_NULL

    TOKEN_NULL  shift, and go to state 213


State 189

   87 condition_term: expr IN . '(' expr_list ')'

    '('  shift, and go to state 214


State 190

   99 compare_op: LIKE .

    $default  reduce using rule 99 (compare_op)


State 191

   93 compare_op: '=' .

    $default  reduce using rule 93 (compare_op)


State 192

   94 compare_op: '>' .

    $default  reduce using rule 94 (compare_op)


State 193

   95 compare_op: '<' .

    $default  reduce using rule 95 (compare_op)


State 194

   86 condition_term: expr compare_op . expr

    TOKEN_NULL      shift, and go to state 39
    IDENTIFIER      shift, and go to state 45
    DATE_LITERAL    shift, and go to state 46
    STRING_LITERAL  shift, and go to state 47
    FLOAT_LITERAL   shift, and go to state 48
    INT_LITERAL     shift, and go to state 49
    '('             shift, and go to state 50
    '-'             shift, and go to state 52
    '`'             shift, and go to state 33

    expr        转到状态 215
    factor      转到状态 57
    term        转到状态 58
    column_ref  转到状态 59
    table_name  转到状态 60


State 195

   32 update_stmt: UPDATE table_name SET column_ref '=' expr where_clause .

    $default  reduce using rule 32 (update_stmt)


State 196

   45 type_width: '(' . INT_LITERAL ')'

    INT_LITERAL  shift, and go to state 216


State 197

   38 column_dec: IDENTIFIER column_type type_width . column_constraints

    $default  reduce using rule 48 (column_constraints)

    column_constraints  转到状态 217


State 198

   55 tb_opt_dec: CHECK . '(' IDENTIFIER IN '(' expr_list ')' ')'

    '('  shift, and go to state 218


State 199

   54 tb_opt_dec: PRIMARY . KEY '(' column_list ')'

    KEY  shift, and go to state 219


State 200

   56 tb_opt_dec: FOREIGN . KEY '(' IDENTIFIER ')' REFERENCES IDENTIFIER '(' IDENTIFIER ')'

    KEY  shift, and go to state 220


State 201

   36 column_decs: column_decs ',' column_dec .

    $default  reduce using rule 36 (column_decs)


State 202

   50 tb_opt_exist: ',' tb_opt_decs .
   53 tb_opt_decs: tb_opt_decs . ',' tb_opt_dec

    ','  shift, and go to state 221

    $default  reduce using rule 50 (tb_opt_exist)


State 203

   52 tb_opt_decs: tb_opt_dec .

    $default  reduce using rule 52 (tb_opt_decs)


State 204

   25 create_tb_stmt: CREATE TABLE table_name '(' column_decs tb_opt_exist ')' .

    $default  reduce using rule 25 (create_tb_stmt)


State 205

   61 join_cond: ON . condition_expr

    TRUE            shift, and go to state 152
    FALSE           shift, and go to state 153
    NOT             shift, and go to state 154
    TOKEN_NULL      shift, and go to state 39
    IDENTIFIER      shift, and go to state 45
    DATE_LITERAL    shift, and go to state 46
    STRING_LITERAL  shift, and go to state 47
    FLOAT_LITERAL   shift, and go to state 48
    INT_LITERAL     shift, and go to state 49
    '('             shift, and go to state 155
    '-'             shift, and go to state 52
    '`'             shift, and go to state 33

    condition_expr  转到状态 222
    condition_term  转到状态 157
    expr            转到状态 158
    factor          转到状态 57
    term            转到状态 58
    column_ref      转到状态 59
    table_name      转到状态 60


State 206

   60 table_join: table_join JOIN table_name join_cond .

    $default  reduce using rule 60 (table_join)


State 207

   63 value_list: '(' expr_list ')' .

    $default  reduce using rule 63 (value_list)


State 208

   66 expr_list: expr_list ',' . expr

    TOKEN_NULL      shift, and go to state 39
    IDENTIFIER      shift, and go to state 45
    DATE_LITERAL    shift, and go to state 46
    STRING_LITERAL  shift, and go to state 47
    FLOAT_LITERAL   shift, and go to state 48
    INT_LITERAL     shift, and go to state 49
    '('             shift, and go to state 50
    '-'             shift, and go to state 52
    '`'             shift, and go to state 33

    expr        转到状态 223
    factor      转到状态 57
    term        转到状态 58
    column_ref  转到状态 59
    table_name  转到状态 60


State 209

   64 value_list: value_list ',' '(' . expr_list ')'

    TOKEN_NULL      shift, and go to state 39
    IDENTIFIER      shift, and go to state 45
    DATE_LITERAL    shift, and go to state 46
    STRING_LITERAL  shift, and go to state 47
    FLOAT_LITERAL   shift, and go to state 48
    INT_LITERAL     shift, and go to state 49
    '('             shift, and go to state 50
    '-'             shift, and go to state 52
    '`'             shift, and go to state 33

    expr_list   转到状态 224
    expr        转到状态 175
    factor      转到状态 57
    term        转到状态 58
    column_ref  转到状态 59
    table_name  转到状态 60


State 210

   81 column_list: column_list ',' column_ref .

    $default  reduce using rule 81 (column_list)


State 211

   89 condition_term: '(' condition_expr ')' .

    $default  reduce using rule 89 (condition_term)


State 212

   83 condition_expr: condition_expr logic_op condition_term .

    $default  reduce using rule 83 (condition_expr)


State 213

   88 condition_term: expr IS TOKEN_NULL .

    $default  reduce using rule 88 (condition_term)


State 214

   87 condition_term: expr IN '(' . expr_list ')'

    TOKEN_NULL      shift, and go to state 39
    IDENTIFIER      shift, and go to state 45
    DATE_LITERAL    shift, and go to state 46
    STRING_LITERAL  shift, and go to state 47
    FLOAT_LITERAL   shift, and go to state 48
    INT_LITERAL     shift, and go to state 49
    '('             shift, and go to state 50
    '-'             shift, and go to state 52
    '`'             shift, and go to state 33

    expr_list   转到状态 225
    expr        转到状态 175
    factor      转到状态 57
    term        转到状态 58
    column_ref  转到状态 59
    table_name  转到状态 60


State 215

   86 condition_term: expr compare_op expr .
  100 expr: expr . '+' factor
  101     | expr . '-' factor

    '+'  shift, and go to state 98
    '-'  shift, and go to state 99

    $default  reduce using rule 86 (condition_term)


State 216

   45 type_width: '(' INT_LITERAL . ')'

    ')'  shift, and go to state 226


State 217

   38 column_dec: IDENTIFIER column_type type_width column_constraints .
   47 column_constraints: column_constraints . column_constraint

    NOT  shift, and go to state 227

    $default  reduce using rule 38 (column_dec)

    column_constraint  转到状态 228


State 218

   55 tb_opt_dec: CHECK '(' . IDENTIFIER IN '(' expr_list ')' ')'

    IDENTIFIER  shift, and go to state 229


State 219

   54 tb_opt_dec: PRIMARY KEY . '(' column_list ')'

    '('  shift, and go to state 230


State 220

   56 tb_opt_dec: FOREIGN KEY . '(' IDENTIFIER ')' REFERENCES IDENTIFIER '(' IDENTIFIER ')'

    '('  shift, and go to state 231


State 221

   53 tb_opt_decs: tb_opt_decs ',' . tb_opt_dec

    CHECK    shift, and go to state 198
    PRIMARY  shift, and go to state 199
    FOREIGN  shift, and go to state 200

    tb_opt_dec  转到状态 232


State 222

   61 join_cond: ON condition_expr .
   83 condition_expr: condition_expr . logic_op condition_term

    AND  shift, and go to state 182
    OR   shift, and go to state 183

    $default  reduce using rule 61 (join_cond)

    logic_op  转到状态 184


State 223

   66 expr_list: expr_list ',' expr .
  100 expr: expr . '+' factor
  101     | expr . '-' factor

    '+'  shift, and go to state 98
    '-'  shift, and go to state 99

    $default  reduce using rule 66 (expr_list)


State 224

   64 value_list: value_list ',' '(' expr_list . ')'
   66 expr_list: expr_list . ',' expr

    ')'  shift, and go to state 233
    ','  shift, and go to state 208


State 225

   66 expr_list: expr_list . ',' expr
   87 condition_term: expr IN '(' expr_list . ')'

    ')'  shift, and go to state 234
    ','  shift, and go to state 208


State 226

   45 type_width: '(' INT_LITERAL ')' .

    $default  reduce using rule 45 (type_width)


State 227

   49 column_constraint: NOT . TOKEN_NULL

    TOKEN_NULL  shift, and go to state 235


State 228

   47 column_constraints: column_constraints column_constraint .

    $default  reduce using rule 47 (column_constraints)


State 229

   55 tb_opt_dec: CHECK '(' IDENTIFIER . IN '(' expr_list ')' ')'

    IN  shift, and go to state 236


State 230

   54 tb_opt_dec: PRIMARY KEY '(' . column_list ')'

    IDENTIFIER  shift, and go to state 45
    '`'         shift, and go to state 33

    column_list  转到状态 237
    column_ref   转到状态 151
    table_name   转到状态 60


State 231

   56 tb_opt_dec: FOREIGN KEY '(' . IDENTIFIER ')' REFERENCES IDENTIFIER '(' IDENTIFIER ')'

    IDENTIFIER  shift, and go to state 238


State 232

   53 tb_opt_decs: tb_opt_decs ',' tb_opt_dec .

    $default  reduce using rule 53 (tb_opt_decs)


State 233

   64 value_list: value_list ',' '(' expr_list ')' .

    $default  reduce using rule 64 (value_list)


State 234

   87 condition_term: expr IN '(' expr_list ')' .

    $default  reduce using rule 87 (condition_term)


State 235

   49 column_constraint: NOT TOKEN_NULL .

    $default  reduce using rule 49 (column_constraint)


State 236

   55 tb_opt_dec: CHECK '(' IDENTIFIER IN . '(' expr_list ')' ')'

    '('  shift, and go to state 239


State 237

   54 tb_opt_dec: PRIMARY KEY '(' column_list . ')'
   81 column_list: column_list . ',' column_ref

    ')'  shift, and go to state 240
    ','  shift, and go to state 178


State 238

   56 tb_opt_dec: FOREIGN KEY '(' IDENTIFIER . ')' REFERENCES IDENTIFIER '(' IDENTIFIER ')'

    ')'  shift, and go to state 241


State 239

   55 tb_opt_dec: CHECK '(' IDENTIFIER IN '(' . expr_list ')' ')'

    TOKEN_NULL      shift, and go to state 39
    IDENTIFIER      shift, and go to state 45
    DATE_LITERAL    shift, and go to state 46
    STRING_LITERAL  shift, and go to state 47
    FLOAT_LITERAL   shift, and go to state 48
    INT_LITERAL     shift, and go to state 49
    '('             shift, and go to state 50
    '-'             shift, and go to state 52
    '`'             shift, and go to state 33

    expr_list   转到状态 242
    expr        转到状态 175
    factor      转到状态 57
    term        转到状态 58
    column_ref  转到状态 59
    table_name  转到状态 60


State 240

   54 tb_opt_dec: PRIMARY KEY '(' column_list ')' .

    $default  reduce using rule 54 (tb_opt_dec)


State 241

   56 tb_opt_dec: FOREIGN KEY '(' IDENTIFIER ')' . REFERENCES IDENTIFIER '(' IDENTIFIER ')'

    REFERENCES  shift, and go to state 243


State 242

   55 tb_opt_dec: CHECK '(' IDENTIFIER IN '(' expr_list . ')' ')'
   66 expr_list: expr_list . ',' expr

    ')'  shift, and go to state 244
    ','  shift, and go to state 208


State 243

   56 tb_opt_dec: FOREIGN KEY '(' IDENTIFIER ')' REFERENCES . IDENTIFIER '(' IDENTIFIER ')'

    IDENTIFIER  shift, and go to state 245


State 244

   55 tb_opt_dec: CHECK '(' IDENTIFIER IN '(' expr_list ')' . ')'

    ')'  shift, and go to state 246


State 245

   56 tb_opt_dec: FOREIGN KEY '(' IDENTIFIER ')' REFERENCES IDENTIFIER . '(' IDENTIFIER ')'

    '('  shift, and go to state 247


State 246

   55 tb_opt_dec: CHECK '(' IDENTIFIER IN '(' expr_list ')' ')' .

    $default  reduce using rule 55 (tb_opt_dec)


State 247

   56 tb_opt_dec: FOREIGN KEY '(' IDENTIFIER ')' REFERENCES IDENTIFIER '(' . IDENTIFIER ')'

    IDENTIFIER  shift, and go to state 248


State 248

   56 tb_opt_dec: FOREIGN KEY '(' IDENTIFIER ')' REFERENCES IDENTIFIER '(' IDENTIFIER . ')'

    ')'  shift, and go to state 249


State 249

   56 tb_opt_dec: FOREIGN KEY '(' IDENTIFIER ')' REFERENCES IDENTIFIER '(' IDENTIFIER ')' .

    $default  reduce using rule 56 (tb_opt_dec)
